2026-03-11 09:37:27,234 - INFO - Avvio Data Pipeline Brindisi Traffic [cite: 4]
2026-03-11 09:37:28,027 - INFO - Trovati 548 file da elaborare.
2026-03-11 09:37:28,027 - INFO - Elaborazione file: parall_resid-20251106-1410-Thursday.csv (Schema 1)
2026-03-11 09:37:28,028 - INFO - Elaborazione file: parall_center-20251106-1600-Thursday.csv (Schema 1)
2026-03-11 09:37:28,030 - INFO - Elaborazione file: parall_center-20251106-1650-Thursday.csv (Schema 1)
2026-03-11 09:37:28,030 - INFO - Elaborazione file: parall_center-20251106-1250-Thursday.csv (Schema 1)
2026-03-11 09:37:28,032 - INFO - Elaborazione file: parall_resid-20251106-1420-Thursday.csv (Schema 1)
2026-03-11 09:37:28,033 - INFO - Elaborazione file: parall_center-20251106-1430-Thursday.csv (Schema 1)
2026-03-11 09:37:28,034 - INFO - Elaborazione file: parall_resid-20251106-1700-Thursday.csv (Schema 1)
2026-03-11 09:37:28,035 - INFO - Elaborazione file: parall_resid-20251106-1240-Thursday.csv (Schema 1)
2026-03-11 09:37:28,036 - INFO - Elaborazione file: parall_resid-20251106-1440-Thursday.csv (Schema 1)
2026-03-11 09:37:28,038 - INFO - Elaborazione file: parall_center-20251106-1740-Thursday.csv (Schema 1)
2026-03-11 09:37:28,039 - INFO - Elaborazione file: parall_resid-20251106-1540-Thursday.csv (Schema 1)
2026-03-11 09:37:28,039 - INFO - Elaborazione file: parall_resid-20251106-1210-Thursday.csv (Schema 1)
2026-03-11 09:37:28,041 - INFO - Elaborazione file: parall_center-20251106-1010-Thursday.csv (Schema 1)
2026-03-11 09:37:28,041 - INFO - Elaborazione file: parall_center-20251106-1230-Thursday.csv (Schema 1)
2026-03-11 09:37:28,042 - INFO - Elaborazione file: parall_resid-20251106-1050-Thursday.csv (Schema 1)
2026-03-11 09:37:28,043 - INFO - Elaborazione file: parall_center-20251106-1140-Thursday.csv (Schema 1)
2026-03-11 09:37:28,044 - INFO - Elaborazione file: parall_center-20251106-1300-Thursday.csv (Schema 1)
2026-03-11 09:37:28,045 - INFO - Elaborazione file: parall_resid-20251106-1550-Thursday.csv (Schema 1)
2026-03-11 09:37:28,045 - INFO - Elaborazione file: parall_resid-20251106-1620-Thursday.csv (Schema 1)
2026-03-11 09:37:28,046 - INFO - Elaborazione file: parall_resid-20251106-1650-Thursday.csv (Schema 1)
2026-03-11 09:37:28,047 - INFO - Elaborazione file: parall_center-20251106-1330-Thursday.csv (Schema 1)
2026-03-11 09:37:28,048 - INFO - Elaborazione file: parall_resid-20251106-1220-Thursday.csv (Schema 1)
2026-03-11 09:37:28,050 - INFO - Elaborazione file: parall_center-20251106-1420-Thursday.csv (Schema 1)
2026-03-11 09:37:28,051 - INFO - Elaborazione file: parall_center-20251106-1730-Thursday.csv (Schema 1)
2026-03-11 09:37:28,052 - INFO - Elaborazione file: parall_resid-20251106-1150-Thursday.csv (Schema 1)
2026-03-11 09:37:28,053 - INFO - Elaborazione file: parall_resid-20251106-1200-Thursday.csv (Schema 1)
2026-03-11 09:37:28,054 - INFO - Elaborazione file: parall_resid-20251106-1140-Thursday.csv (Schema 1)
2026-03-11 09:37:28,055 - INFO - Elaborazione file: parall_center-20251106-1710-Thursday.csv (Schema 1)
2026-03-11 09:37:28,056 - INFO - Elaborazione file: parall_resid-20251106-1720-Thursday.csv (Schema 1)
2026-03-11 09:37:28,057 - INFO - Elaborazione file: parall_center-20251106-1220-Thursday.csv (Schema 1)
2026-03-11 09:37:28,057 - INFO - Elaborazione file: parall_resid-20251106-1330-Thursday.csv (Schema 1)
2026-03-11 09:37:28,058 - INFO - Elaborazione file: parall_resid-20251106-1320-Thursday.csv (Schema 1)
2026-03-11 09:37:28,059 - INFO - Elaborazione file: parall_resid-20251106-1730-Thursday.csv (Schema 1)
2026-03-11 09:37:28,060 - INFO - Elaborazione file: parall_center-20251106-1240-Thursday.csv (Schema 1)
2026-03-11 09:37:28,061 - INFO - Elaborazione file: parall_center-20251106-1500-Thursday.csv (Schema 1)
2026-03-11 09:37:28,062 - INFO - Elaborazione file: parall_center-20251106-1610-Thursday.csv (Schema 1)
2026-03-11 09:37:28,063 - INFO - Elaborazione file: parall_resid-20251106-1450-Thursday.csv (Schema 1)
2026-03-11 09:37:28,064 - INFO - Elaborazione file: parall_center-20251106-1440-Thursday.csv (Schema 1)
2026-03-11 09:37:28,065 - INFO - Elaborazione file: parall_center-20251106-1340-Thursday.csv (Schema 1)
2026-03-11 09:37:28,065 - INFO - Elaborazione file: parall_center-20251106-1510-Thursday.csv (Schema 1)
2026-03-11 09:37:28,066 - INFO - Elaborazione file: parall_resid-20251106-1400-Thursday.csv (Schema 1)
2026-03-11 09:37:28,067 - INFO - Elaborazione file: parall_center-20251106-1530-Thursday.csv (Schema 1)
2026-03-11 09:37:28,068 - INFO - Elaborazione file: parall_resid-20251106-1250-Thursday.csv (Schema 1)
2026-03-11 09:37:28,069 - INFO - Elaborazione file: parall_resid-20251106-1350-Thursday.csv (Schema 1)
2026-03-11 09:37:28,070 - INFO - Elaborazione file: parall_resid-20251106-1000-Thursday.csv (Schema 1)
2026-03-11 09:37:28,071 - INFO - Elaborazione file: parall_center-20251106-1050-Thursday.csv (Schema 1)
2026-03-11 09:37:28,072 - INFO - Elaborazione file: parall_center-20251106-1700-Thursday.csv (Schema 1)
2026-03-11 09:37:28,073 - INFO - Elaborazione file: parall_center-20251106-1410-Thursday.csv (Schema 1)
2026-03-11 09:37:28,074 - INFO - Elaborazione file: parall_resid-20251106-1500-Thursday.csv (Schema 1)
2026-03-11 09:37:28,075 - INFO - Elaborazione file: parall_resid-20251106-1310-Thursday.csv (Schema 1)
2026-03-11 09:37:28,076 - INFO - Elaborazione file: parall_resid-20251106-1010-Thursday.csv (Schema 1)
2026-03-11 09:37:28,077 - INFO - Elaborazione file: parall_center-20251106-1210-Thursday.csv (Schema 1)
2026-03-11 09:37:28,078 - INFO - Elaborazione file: parall_center-20251106-1640-Thursday.csv (Schema 1)
2026-03-11 09:37:28,079 - INFO - Elaborazione file: parall_resid-20251106-1120-Thursday.csv (Schema 1)
2026-03-11 09:37:28,080 - INFO - Elaborazione file: parall_center-20251106-1720-Thursday.csv (Schema 1)
2026-03-11 09:37:28,080 - INFO - Elaborazione file: parall_center-20251106-1130-Thursday.csv (Schema 1)
2026-03-11 09:37:28,081 - INFO - Elaborazione file: parall_resid-20251106-1430-Thursday.csv (Schema 1)
2026-03-11 09:37:28,082 - INFO - Elaborazione file: parall_resid-20251106-1610-Thursday.csv (Schema 1)
2026-03-11 09:37:28,083 - INFO - Elaborazione file: parall_center-20251106-1000-Thursday.csv (Schema 1)
2026-03-11 09:37:28,084 - INFO - Elaborazione file: parall_resid-20251106-1520-Thursday.csv (Schema 1)
2026-03-11 09:37:28,086 - INFO - Elaborazione file: parall_resid-20251106-1630-Thursday.csv (Schema 1)
2026-03-11 09:37:28,087 - INFO - Elaborazione file: parall_center-20251106-1020-Thursday.csv (Schema 1)
2026-03-11 09:37:28,088 - INFO - Elaborazione file: parall_resid-20251106-1750-Thursday.csv (Schema 1)
2026-03-11 09:37:28,089 - INFO - Elaborazione file: parall_resid-20251106-1640-Thursday.csv (Schema 1)
2026-03-11 09:37:28,090 - INFO - Elaborazione file: parall_center-20251106-1550-Thursday.csv (Schema 1)
2026-03-11 09:37:28,091 - INFO - Elaborazione file: parall_center-20251106-1110-Thursday.csv (Schema 1)
2026-03-11 09:37:28,092 - INFO - Elaborazione file: parall_center-20251106-1320-Thursday.csv (Schema 1)
2026-03-11 09:37:28,093 - INFO - Elaborazione file: parall_resid-20251106-1340-Thursday.csv (Schema 1)
2026-03-11 09:37:28,094 - INFO - Elaborazione file: parall_resid-20251106-1030-Thursday.csv (Schema 1)
2026-03-11 09:37:28,095 - INFO - Elaborazione file: parall_center-20251106-1450-Thursday.csv (Schema 1)
2026-03-11 09:37:28,095 - INFO - Elaborazione file: parall_resid-20251106-1510-Thursday.csv (Schema 1)
2026-03-11 09:37:28,096 - INFO - Elaborazione file: parall_center-20251106-1100-Thursday.csv (Schema 1)
2026-03-11 09:37:28,097 - INFO - Elaborazione file: parall_resid-20251106-1130-Thursday.csv (Schema 1)
2026-03-11 09:37:28,098 - INFO - Elaborazione file: parall_center-20251106-1150-Thursday.csv (Schema 1)
2026-03-11 09:37:28,099 - INFO - Elaborazione file: parall_resid-20251106-1040-Thursday.csv (Schema 1)
2026-03-11 09:37:28,100 - INFO - Elaborazione file: parall_resid-20251106-1020-Thursday.csv (Schema 1)
2026-03-11 09:37:28,101 - INFO - Elaborazione file: parall_center-20251106-1520-Thursday.csv (Schema 1)
2026-03-11 09:37:28,102 - INFO - Elaborazione file: parall_center-20251106-1540-Thursday.csv (Schema 1)
2026-03-11 09:37:28,103 - INFO - Elaborazione file: parall_resid-20251106-1600-Thursday.csv (Schema 1)
2026-03-11 09:37:28,104 - INFO - Elaborazione file: parall_resid-20251106-1110-Thursday.csv (Schema 1)
2026-03-11 09:37:28,105 - INFO - Elaborazione file: parall_resid-20251106-1710-Thursday.csv (Schema 1)
2026-03-11 09:37:28,106 - INFO - Elaborazione file: parall_center-20251106-1750-Thursday.csv (Schema 1)
2026-03-11 09:37:28,107 - INFO - Elaborazione file: parall_resid-20251106-1230-Thursday.csv (Schema 1)
2026-03-11 09:37:28,108 - INFO - Elaborazione file: parall_center-20251106-1310-Thursday.csv (Schema 1)
2026-03-11 09:37:28,109 - INFO - Elaborazione file: parall_resid-20251106-1100-Thursday.csv (Schema 1)
2026-03-11 09:37:28,110 - INFO - Elaborazione file: parall_center-20251106-1030-Thursday.csv (Schema 1)
2026-03-11 09:37:28,111 - INFO - Elaborazione file: parall_resid-20251106-1300-Thursday.csv (Schema 1)
2026-03-11 09:37:28,112 - INFO - Elaborazione file: parall_center-20251106-1350-Thursday.csv (Schema 1)
2026-03-11 09:37:28,113 - INFO - Elaborazione file: parall_center-20251106-1120-Thursday.csv (Schema 1)
2026-03-11 09:37:28,114 - INFO - Elaborazione file: parall_center-20251106-1630-Thursday.csv (Schema 1)
2026-03-11 09:37:28,114 - INFO - Elaborazione file: parall_resid-20251106-1530-Thursday.csv (Schema 1)
2026-03-11 09:37:28,115 - INFO - Elaborazione file: parall_center-20251106-1200-Thursday.csv (Schema 1)
2026-03-11 09:37:28,116 - INFO - Elaborazione file: parall_center-20251106-1400-Thursday.csv (Schema 1)
2026-03-11 09:37:28,117 - INFO - Elaborazione file: parall_resid-20251106-1740-Thursday.csv (Schema 1)
2026-03-11 09:37:28,118 - INFO - Elaborazione file: parall_center-20251106-1040-Thursday.csv (Schema 1)
2026-03-11 09:37:28,119 - INFO - Elaborazione file: parall_center-20251106-1620-Thursday.csv (Schema 1)
2026-03-11 09:37:28,119 - INFO - Elaborazione file: new_collect-20251015-0246-Wednesday.csv (Schema 1)
2026-03-11 09:37:28,120 - INFO - Elaborazione file: new_collect-20251014-1736-Tuesday.csv (Schema 1)
2026-03-11 09:37:28,121 - INFO - Elaborazione file: new_collect-20251014-2346-Tuesday.csv (Schema 1)
2026-03-11 09:37:28,122 - INFO - Elaborazione file: new_collect-20251015-0506-Wednesday.csv (Schema 1)
2026-03-11 09:37:28,123 - INFO - Elaborazione file: new_collect-20251014-1126-Tuesday.csv (Schema 1)
2026-03-11 09:37:28,123 - INFO - Elaborazione file: new_collect-20251015-0256-Wednesday.csv (Schema 1)
2026-03-11 09:37:28,124 - INFO - Elaborazione file: new_collect-20251015-0856-Wednesday.csv (Schema 1)
2026-03-11 09:37:28,125 - INFO - Elaborazione file: new_collect-20251015-0616-Wednesday.csv (Schema 1)
2026-03-11 09:37:28,126 - INFO - Elaborazione file: new_collect-20251014-1536-Tuesday.csv (Schema 1)
2026-03-11 09:37:28,126 - INFO - Elaborazione file: new_collect-20251014-1806-Tuesday.csv (Schema 1)
2026-03-11 09:37:28,127 - INFO - Elaborazione file: new_collect-20251015-0606-Wednesday.csv (Schema 1)
2026-03-11 09:37:28,128 - INFO - Elaborazione file: new_collect-20251014-1436-Tuesday.csv (Schema 1)
2026-03-11 09:37:28,129 - INFO - Elaborazione file: new_collect-20251014-1326-Tuesday.csv (Schema 1)
2026-03-11 09:37:28,129 - INFO - Elaborazione file: new_collect-20251014-1946-Tuesday.csv (Schema 1)
2026-03-11 09:37:28,130 - INFO - Elaborazione file: new_collect-20251015-0406-Wednesday.csv (Schema 1)
2026-03-11 09:37:28,131 - INFO - Elaborazione file: new_collect-20251014-1206-Tuesday.csv (Schema 1)
2026-03-11 09:37:28,131 - INFO - Elaborazione file: new_collect-20251014-2336-Tuesday.csv (Schema 1)
2026-03-11 09:37:28,132 - INFO - Elaborazione file: new_collect-20251015-0226-Wednesday.csv (Schema 1)
2026-03-11 09:37:28,133 - INFO - Elaborazione file: new_collect-20251014-2216-Tuesday.csv (Schema 1)
2026-03-11 09:37:28,134 - INFO - Elaborazione file: new_collect-20251014-1116-Tuesday.csv (Schema 1)
2026-03-11 09:37:28,135 - INFO - Elaborazione file: new_collect-20251014-1316-Tuesday.csv (Schema 1)
2026-03-11 09:37:28,136 - INFO - Elaborazione file: new_collect-20251014-1456-Tuesday.csv (Schema 1)
2026-03-11 09:37:28,136 - INFO - Elaborazione file: new_collect-20251015-0216-Wednesday.csv (Schema 1)
2026-03-11 09:37:28,137 - INFO - Elaborazione file: new_collect-20251015-0016-Wednesday.csv (Schema 1)
2026-03-11 09:37:28,138 - INFO - Elaborazione file: new_collect-20251015-0626-Wednesday.csv (Schema 1)
2026-03-11 09:37:28,139 - INFO - Elaborazione file: new_collect-20251015-0836-Wednesday.csv (Schema 1)
2026-03-11 09:37:28,139 - INFO - Elaborazione file: new_collect-20251014-1046-Tuesday.csv (Schema 1)
2026-03-11 09:37:28,140 - INFO - Elaborazione file: new_collect-20251015-0826-Wednesday.csv (Schema 1)
2026-03-11 09:37:28,141 - INFO - Elaborazione file: new_collect-20251014-1936-Tuesday.csv (Schema 1)
2026-03-11 09:37:28,142 - INFO - Elaborazione file: new_collect-20251014-0924-Tuesday.csv (Schema 1)
2026-03-11 09:37:28,143 - INFO - Elaborazione file: new_collect-20251015-0336-Wednesday.csv (Schema 1)
2026-03-11 09:37:28,144 - INFO - Elaborazione file: new_collect-20251015-0046-Wednesday.csv (Schema 1)
2026-03-11 09:37:28,145 - INFO - Elaborazione file: new_collect-20251015-0156-Wednesday.csv (Schema 1)
2026-03-11 09:37:28,146 - INFO - Elaborazione file: new_collect-20251015-0416-Wednesday.csv (Schema 1)
2026-03-11 09:37:28,146 - INFO - Elaborazione file: new_collect-20251015-0316-Wednesday.csv (Schema 1)
2026-03-11 09:37:28,147 - INFO - Elaborazione file: new_collect-20251014-1756-Tuesday.csv (Schema 1)
2026-03-11 09:37:28,148 - INFO - Elaborazione file: new_collect-20251015-0516-Wednesday.csv (Schema 1)
2026-03-11 09:37:28,149 - INFO - Elaborazione file: new_collect-20251014-1746-Tuesday.csv (Schema 1)
2026-03-11 09:37:28,149 - INFO - Elaborazione file: new_collect-20251015-0526-Wednesday.csv (Schema 1)
2026-03-11 09:37:28,150 - INFO - Elaborazione file: new_collect-20251014-2136-Tuesday.csv (Schema 1)
2026-03-11 09:37:28,151 - INFO - Elaborazione file: new_collect-20251015-0846-Wednesday.csv (Schema 1)
2026-03-11 09:37:28,152 - INFO - Elaborazione file: new_collect-20251014-2306-Tuesday.csv (Schema 1)
2026-03-11 09:37:28,153 - INFO - Elaborazione file: new_collect-20251015-0036-Wednesday.csv (Schema 1)
2026-03-11 09:37:28,153 - INFO - Elaborazione file: new_collect-20251015-0346-Wednesday.csv (Schema 1)
2026-03-11 09:37:28,154 - INFO - Elaborazione file: new_collect-20251014-1236-Tuesday.csv (Schema 1)
2026-03-11 09:37:28,155 - INFO - Elaborazione file: new_collect-20251014-1646-Tuesday.csv (Schema 1)
2026-03-11 09:37:28,156 - INFO - Elaborazione file: new_collect-20251014-1006-Tuesday.csv (Schema 1)
2026-03-11 09:37:28,156 - INFO - Elaborazione file: new_collect-20251014-1906-Tuesday.csv (Schema 1)
2026-03-11 09:37:28,157 - INFO - Elaborazione file: new_collect-20251014-1546-Tuesday.csv (Schema 1)
2026-03-11 09:37:28,158 - INFO - Elaborazione file: new_collect-20251014-1526-Tuesday.csv (Schema 1)
2026-03-11 09:37:28,159 - INFO - Elaborazione file: new_collect-20251014-1246-Tuesday.csv (Schema 1)
2026-03-11 09:37:28,159 - INFO - Elaborazione file: new_collect-20251014-1506-Tuesday.csv (Schema 1)
2026-03-11 09:37:28,160 - INFO - Elaborazione file: new_collect-20251014-1426-Tuesday.csv (Schema 1)
2026-03-11 09:37:28,161 - INFO - Elaborazione file: new_collect-20251015-0426-Wednesday.csv (Schema 1)
2026-03-11 09:37:28,162 - INFO - Elaborazione file: new_collect-20251014-1406-Tuesday.csv (Schema 1)
2026-03-11 09:37:28,162 - INFO - Elaborazione file: new_collect-20251015-0806-Wednesday.csv (Schema 1)
2026-03-11 09:37:28,163 - INFO - Elaborazione file: new_collect-20251014-1846-Tuesday.csv (Schema 1)
2026-03-11 09:37:28,164 - INFO - Elaborazione file: new_collect-20251014-1256-Tuesday.csv (Schema 1)
2026-03-11 09:37:28,165 - INFO - Elaborazione file: new_collect-20251015-0536-Wednesday.csv (Schema 1)
2026-03-11 09:37:28,166 - INFO - Elaborazione file: new_collect-20251015-0816-Wednesday.csv (Schema 1)
2026-03-11 09:37:28,167 - INFO - Elaborazione file: new_collect-20251014-2026-Tuesday.csv (Schema 1)
2026-03-11 09:37:28,168 - INFO - Elaborazione file: new_collect-20251014-2106-Tuesday.csv (Schema 1)
2026-03-11 09:37:28,169 - INFO - Elaborazione file: new_collect-20251014-1136-Tuesday.csv (Schema 1)
2026-03-11 09:37:28,170 - INFO - Elaborazione file: new_collect-20251014-2146-Tuesday.csv (Schema 1)
2026-03-11 09:37:28,170 - INFO - Elaborazione file: new_collect-20251014-1636-Tuesday.csv (Schema 1)
2026-03-11 09:37:28,171 - INFO - Elaborazione file: new_collect-20251014-1416-Tuesday.csv (Schema 1)
2026-03-11 09:37:28,172 - INFO - Elaborazione file: new_collect-20251014-2046-Tuesday.csv (Schema 1)
2026-03-11 09:37:28,173 - INFO - Elaborazione file: new_collect-20251015-0206-Wednesday.csv (Schema 1)
2026-03-11 09:37:28,174 - INFO - Elaborazione file: new_collect-20251015-0236-Wednesday.csv (Schema 1)
2026-03-11 09:37:28,174 - INFO - Elaborazione file: new_collect-20251015-0106-Wednesday.csv (Schema 1)
2026-03-11 09:37:28,175 - INFO - Elaborazione file: new_collect-20251014-1556-Tuesday.csv (Schema 1)
2026-03-11 09:37:28,176 - INFO - Elaborazione file: new_collect-20251015-0056-Wednesday.csv (Schema 1)
2026-03-11 09:37:28,177 - INFO - Elaborazione file: new_collect-20251014-2006-Tuesday.csv (Schema 1)
2026-03-11 09:37:28,178 - INFO - Elaborazione file: new_collect-20251014-1036-Tuesday.csv (Schema 1)
2026-03-11 09:37:28,178 - INFO - Elaborazione file: new_collect-20251014-2156-Tuesday.csv (Schema 1)
2026-03-11 09:37:28,179 - INFO - Elaborazione file: new_collect-20251014-1356-Tuesday.csv (Schema 1)
2026-03-11 09:37:28,180 - INFO - Elaborazione file: new_collect-20251014-1816-Tuesday.csv (Schema 1)
2026-03-11 09:37:28,181 - INFO - Elaborazione file: new_collect-20251014-1156-Tuesday.csv (Schema 1)
2026-03-11 09:37:28,181 - INFO - Elaborazione file: new_collect-20251014-1916-Tuesday.csv (Schema 1)
2026-03-11 09:37:28,182 - INFO - Elaborazione file: new_collect-20251015-0006-Wednesday.csv (Schema 1)
2026-03-11 09:37:28,183 - INFO - Elaborazione file: new_collect-20251014-1226-Tuesday.csv (Schema 1)
2026-03-11 09:37:28,184 - INFO - Elaborazione file: new_collect-20251015-0636-Wednesday.csv (Schema 1)
2026-03-11 09:37:28,185 - INFO - Elaborazione file: new_collect-20251015-0306-Wednesday.csv (Schema 1)
2026-03-11 09:37:28,186 - INFO - Elaborazione file: new_collect-20251015-0656-Wednesday.csv (Schema 1)
2026-03-11 09:37:28,187 - INFO - Elaborazione file: new_collect-20251014-1106-Tuesday.csv (Schema 1)
2026-03-11 09:37:28,188 - INFO - Elaborazione file: new_collect-20251014-2246-Tuesday.csv (Schema 1)
2026-03-11 09:37:28,189 - INFO - Elaborazione file: new_collect-20251015-0916-Wednesday.csv (Schema 1)
2026-03-11 09:37:28,189 - INFO - Elaborazione file: new_collect-20251014-1446-Tuesday.csv (Schema 1)
2026-03-11 09:37:28,190 - INFO - Elaborazione file: new_collect-20251014-0946-Tuesday.csv (Schema 1)
2026-03-11 09:37:28,191 - INFO - Elaborazione file: new_collect-20251014-1956-Tuesday.csv (Schema 1)
2026-03-11 09:37:28,192 - INFO - Elaborazione file: new_collect-20251014-1146-Tuesday.csv (Schema 1)
2026-03-11 09:37:28,193 - INFO - Elaborazione file: new_collect-20251015-0706-Wednesday.csv (Schema 1)
2026-03-11 09:37:28,193 - INFO - Elaborazione file: new_collect-20251014-1336-Tuesday.csv (Schema 1)
2026-03-11 09:37:28,194 - INFO - Elaborazione file: new_collect-20251015-0456-Wednesday.csv (Schema 1)
2026-03-11 09:37:28,195 - INFO - Elaborazione file: new_collect-20251014-1016-Tuesday.csv (Schema 1)
2026-03-11 09:37:28,195 - INFO - Elaborazione file: new_collect-20251014-1856-Tuesday.csv (Schema 1)
2026-03-11 09:37:28,196 - INFO - Elaborazione file: new_collect-20251014-2356-Tuesday.csv (Schema 1)
2026-03-11 09:37:28,197 - INFO - Elaborazione file: new_collect-20251015-0736-Wednesday.csv (Schema 1)
2026-03-11 09:37:28,198 - INFO - Elaborazione file: new_collect-20251015-0136-Wednesday.csv (Schema 1)
2026-03-11 09:37:28,198 - INFO - Elaborazione file: new_collect-20251014-1056-Tuesday.csv (Schema 1)
2026-03-11 09:37:28,199 - INFO - Elaborazione file: new_collect-20251015-0146-Wednesday.csv (Schema 1)
2026-03-11 09:37:28,201 - INFO - Elaborazione file: new_collect-20251014-1026-Tuesday.csv (Schema 1)
2026-03-11 09:37:28,202 - INFO - Elaborazione file: new_collect-20251014-1606-Tuesday.csv (Schema 1)
2026-03-11 09:37:28,203 - INFO - Elaborazione file: new_collect-20251015-0446-Wednesday.csv (Schema 1)
2026-03-11 09:37:28,204 - INFO - Elaborazione file: new_collect-20251014-2036-Tuesday.csv (Schema 1)
2026-03-11 09:37:28,205 - INFO - Elaborazione file: new_collect-20251015-0756-Wednesday.csv (Schema 1)
2026-03-11 09:37:28,206 - INFO - Elaborazione file: new_collect-20251014-0936-Tuesday.csv (Schema 1)
2026-03-11 09:37:28,206 - INFO - Elaborazione file: new_collect-20251014-2316-Tuesday.csv (Schema 1)
2026-03-11 09:37:28,207 - INFO - Elaborazione file: new_collect-20251014-1726-Tuesday.csv (Schema 1)
2026-03-11 09:37:28,208 - INFO - Elaborazione file: new_collect-20251015-0646-Wednesday.csv (Schema 1)
2026-03-11 09:37:28,209 - INFO - Elaborazione file: new_collect-20251014-2116-Tuesday.csv (Schema 1)
2026-03-11 09:37:28,210 - INFO - Elaborazione file: new_collect-20251014-1826-Tuesday.csv (Schema 1)
2026-03-11 09:37:28,211 - INFO - Elaborazione file: new_collect-20251014-0956-Tuesday.csv (Schema 1)
2026-03-11 09:37:28,212 - INFO - Elaborazione file: new_collect-20251014-1626-Tuesday.csv (Schema 1)
2026-03-11 09:37:28,213 - INFO - Elaborazione file: new_collect-20251014-2206-Tuesday.csv (Schema 1)
2026-03-11 09:37:28,213 - INFO - Elaborazione file: new_collect-20251014-2056-Tuesday.csv (Schema 1)
2026-03-11 09:37:28,215 - INFO - Elaborazione file: new_collect-20251014-1346-Tuesday.csv (Schema 1)
2026-03-11 09:37:28,216 - INFO - Elaborazione file: new_collect-20251014-1616-Tuesday.csv (Schema 1)
2026-03-11 09:37:28,218 - INFO - Elaborazione file: new_collect-20251014-2016-Tuesday.csv (Schema 1)
2026-03-11 09:37:28,221 - INFO - Elaborazione file: new_collect-20251014-2226-Tuesday.csv (Schema 1)
2026-03-11 09:37:28,222 - INFO - Elaborazione file: new_collect-20251014-1706-Tuesday.csv (Schema 1)
2026-03-11 09:37:28,222 - INFO - Elaborazione file: new_collect-20251015-0716-Wednesday.csv (Schema 1)
2026-03-11 09:37:28,223 - INFO - Elaborazione file: new_collect-20251014-1306-Tuesday.csv (Schema 1)
2026-03-11 09:37:28,224 - INFO - Elaborazione file: new_collect-20251015-0116-Wednesday.csv (Schema 1)
2026-03-11 09:37:28,224 - INFO - Elaborazione file: new_collect-20251014-2236-Tuesday.csv (Schema 1)
2026-03-11 09:37:28,225 - INFO - Elaborazione file: new_collect-20251014-1926-Tuesday.csv (Schema 1)
2026-03-11 09:37:28,226 - INFO - Elaborazione file: new_collect-20251015-0326-Wednesday.csv (Schema 1)
2026-03-11 09:37:28,227 - INFO - Elaborazione file: new_collect-20251015-0026-Wednesday.csv (Schema 1)
2026-03-11 09:37:28,227 - INFO - Elaborazione file: new_collect-20251015-0356-Wednesday.csv (Schema 1)
2026-03-11 09:37:28,228 - INFO - Elaborazione file: new_collect-20251015-0436-Wednesday.csv (Schema 1)
2026-03-11 09:37:28,229 - INFO - Elaborazione file: new_collect-20251014-1216-Tuesday.csv (Schema 1)
2026-03-11 09:37:28,229 - INFO - Elaborazione file: new_collect-20251014-1516-Tuesday.csv (Schema 1)
2026-03-11 09:37:28,230 - INFO - Elaborazione file: new_collect-20251014-1716-Tuesday.csv (Schema 1)
2026-03-11 09:37:28,231 - INFO - Elaborazione file: new_collect-20251015-0746-Wednesday.csv (Schema 1)
2026-03-11 09:37:28,232 - INFO - Elaborazione file: new_collect-20251014-1836-Tuesday.csv (Schema 1)
2026-03-11 09:37:28,233 - INFO - Elaborazione file: new_collect-20251015-0546-Wednesday.csv (Schema 1)
2026-03-11 09:37:28,234 - INFO - Elaborazione file: new_collect-20251015-0906-Wednesday.csv (Schema 1)
2026-03-11 09:37:28,235 - INFO - Elaborazione file: new_collect-20251014-2326-Tuesday.csv (Schema 1)
2026-03-11 09:37:28,236 - INFO - Elaborazione file: new_collect-20251015-0126-Wednesday.csv (Schema 1)
2026-03-11 09:37:28,236 - INFO - Elaborazione file: new_collect-20251014-1656-Tuesday.csv (Schema 1)
2026-03-11 09:37:28,237 - INFO - Elaborazione file: new_collect-20251015-0556-Wednesday.csv (Schema 1)
2026-03-11 09:37:28,238 - INFO - Elaborazione file: new_collect-20251014-0926-Tuesday.csv (Schema 1)
2026-03-11 09:37:28,238 - INFO - Elaborazione file: new_collect-20251014-2126-Tuesday.csv (Schema 1)
2026-03-11 09:37:28,239 - INFO - Elaborazione file: new_collect-20251015-0726-Wednesday.csv (Schema 1)
2026-03-11 09:37:28,240 - INFO - Elaborazione file: new_collect-20251014-2256-Tuesday.csv (Schema 1)
2026-03-11 09:37:28,240 - INFO - Elaborazione file: brindisires-20250902-1025-Tuesday.csv (Schema 1)
2026-03-11 09:37:28,241 - INFO - Elaborazione file: brindisires-20250902-1005-Tuesday.csv (Schema 1)
2026-03-11 09:37:28,242 - INFO - Elaborazione file: brindisires-20250901-2227-Monday.csv (Schema 1)
2026-03-11 09:37:28,243 - INFO - Elaborazione file: brindisires-20250902-1015-Tuesday.csv (Schema 1)
2026-03-11 09:37:28,244 - INFO - Elaborazione file: brindisi-20250901-1942-Monday.csv (Schema 1)
2026-03-11 09:37:28,245 - INFO - Elaborazione file: brindisires-20250902-1020-Tuesday.csv (Schema 1)
2026-03-11 09:37:28,246 - INFO - Elaborazione file: brindisires-20250901-2212-Monday.csv (Schema 1)
2026-03-11 09:37:28,246 - INFO - Elaborazione file: brindisi-20250901-1952-Monday.csv (Schema 1)
2026-03-11 09:37:28,247 - INFO - Elaborazione file: brindisires-20250901-2207-Monday.csv (Schema 1)
2026-03-11 09:37:28,248 - INFO - Elaborazione file: brindisires-20250901-2222-Monday.csv (Schema 1)
2026-03-11 09:37:28,249 - INFO - Elaborazione file: brindisi-20250901-1902-Monday.csv (Schema 1)
2026-03-11 09:37:28,250 - INFO - Elaborazione file: brindisires-20250901-2217-Monday.csv (Schema 1)
2026-03-11 09:37:28,251 - INFO - Elaborazione file: brindisi-20250901-1932-Monday.csv (Schema 1)
2026-03-11 09:37:28,252 - INFO - Elaborazione file: brindisires-20250902-1010-Tuesday.csv (Schema 1)
2026-03-11 09:37:28,253 - INFO - Elaborazione file: brindisi-20250901-1912-Monday.csv (Schema 1)
2026-03-11 09:37:28,254 - INFO - Elaborazione file: brindisires-20250902-1030-Tuesday.csv (Schema 1)
2026-03-11 09:37:28,255 - INFO - Elaborazione file: brindisi-20250901-1922-Monday.csv (Schema 1)
2026-03-11 09:37:28,255 - INFO - Elaborazione file: brindisires-20250901-2202-Monday.csv (Schema 1)
2026-03-11 09:37:28,256 - INFO - Elaborazione file: output_5min_24h_20250716_120200.csv (Schema 2)
2026-03-11 09:37:28,258 - INFO - Elaborazione file: output_5min_24h_20250716_161200.csv (Schema 2)
2026-03-11 09:37:28,259 - INFO - Elaborazione file: output_5min_24h_20250716_200200.csv (Schema 2)
2026-03-11 09:37:28,260 - INFO - Elaborazione file: output_5min_24h_20250717_021700.csv (Schema 2)
2026-03-11 09:37:28,261 - INFO - Elaborazione file: output_5min_24h_20250717_074700.csv (Schema 2)
2026-03-11 09:37:28,262 - INFO - Elaborazione file: output_5min_24h_20250717_045700.csv (Schema 2)
2026-03-11 09:37:28,263 - INFO - Elaborazione file: output_5min_24h_20250717_061700.csv (Schema 2)
2026-03-11 09:37:28,264 - INFO - Elaborazione file: output_5min_24h_20250716_191700.csv (Schema 2)
2026-03-11 09:37:28,265 - INFO - Elaborazione file: output_5min_24h_20250716_095200.csv (Schema 2)
2026-03-11 09:37:28,267 - INFO - Elaborazione file: output_5min_24h_20250716_120700.csv (Schema 2)
2026-03-11 09:37:28,268 - INFO - Elaborazione file: output_5min_24h_20250716_182700.csv (Schema 2)
2026-03-11 09:37:28,269 - INFO - Elaborazione file: output_5min_24h_20250717_062700.csv (Schema 2)
2026-03-11 09:37:28,270 - INFO - Elaborazione file: output_5min_24h_20250717_005200.csv (Schema 2)
2026-03-11 09:37:28,271 - INFO - Elaborazione file: output_5min_24h_20250717_055200.csv (Schema 2)
2026-03-11 09:37:28,272 - INFO - Elaborazione file: output_5min_24h_20250716_122200.csv (Schema 2)
2026-03-11 09:37:28,273 - INFO - Elaborazione file: output_5min_24h_20250716_175700.csv (Schema 2)
2026-03-11 09:37:28,274 - INFO - Elaborazione file: output_5min_24h_20250716_151700.csv (Schema 2)
2026-03-11 09:37:28,275 - INFO - Elaborazione file: output_5min_24h_20250716_132200.csv (Schema 2)
2026-03-11 09:37:28,276 - INFO - Elaborazione file: output_5min_24h_20250716_215700.csv (Schema 2)
2026-03-11 09:37:28,277 - INFO - Elaborazione file: output_5min_24h_20250716_215200.csv (Schema 2)
2026-03-11 09:37:28,278 - INFO - Elaborazione file: output_5min_24h_20250716_165700.csv (Schema 2)
2026-03-11 09:37:28,278 - INFO - Elaborazione file: output_5min_24h_20250717_002700.csv (Schema 2)
2026-03-11 09:37:28,279 - INFO - Elaborazione file: output_5min_24h_20250716_184200.csv (Schema 2)
2026-03-11 09:37:28,280 - INFO - Elaborazione file: output_5min_24h_20250716_183700.csv (Schema 2)
2026-03-11 09:37:28,281 - INFO - Elaborazione file: output_5min_24h_20250717_063700.csv (Schema 2)
2026-03-11 09:37:28,283 - INFO - Elaborazione file: output_5min_24h_20250717_070700.csv (Schema 2)
2026-03-11 09:37:28,284 - INFO - Elaborazione file: output_5min_24h_20250716_172700.csv (Schema 2)
2026-03-11 09:37:28,285 - INFO - Elaborazione file: output_5min_24h_20250716_205700.csv (Schema 2)
2026-03-11 09:37:28,286 - INFO - Elaborazione file: output_5min_24h_20250717_072200.csv (Schema 2)
2026-03-11 09:37:28,287 - INFO - Elaborazione file: output_5min_24h_20250716_161700.csv (Schema 2)
2026-03-11 09:37:28,288 - INFO - Elaborazione file: output_5min_24h_20250716_171200.csv (Schema 2)
2026-03-11 09:37:28,289 - INFO - Elaborazione file: output_5min_24h_20250716_163200.csv (Schema 2)
2026-03-11 09:37:28,290 - INFO - Elaborazione file: output_5min_24h_20250717_083200.csv (Schema 2)
2026-03-11 09:37:28,291 - INFO - Elaborazione file: output_5min_24h_20250717_074200.csv (Schema 2)
2026-03-11 09:37:28,292 - INFO - Elaborazione file: output_5min_24h_20250716_185200.csv (Schema 2)
2026-03-11 09:37:28,293 - INFO - Elaborazione file: output_5min_24h_20250717_035200.csv (Schema 2)
2026-03-11 09:37:28,294 - INFO - Elaborazione file: output_5min_24h_20250717_000700.csv (Schema 2)
2026-03-11 09:37:28,295 - INFO - Elaborazione file: output_5min_24h_20250716_205200.csv (Schema 2)
2026-03-11 09:37:28,296 - INFO - Elaborazione file: output_5min_24h_20250717_033700.csv (Schema 2)
2026-03-11 09:37:28,296 - INFO - Elaborazione file: output_5min_24h_20250717_015200.csv (Schema 2)
2026-03-11 09:37:28,298 - INFO - Elaborazione file: output_5min_24h_20250717_030200.csv (Schema 2)
2026-03-11 09:37:28,300 - INFO - Elaborazione file: output_5min_24h_20250716_141700.csv (Schema 2)
2026-03-11 09:37:28,302 - INFO - Elaborazione file: output_5min_24h_20250716_211200.csv (Schema 2)
2026-03-11 09:37:28,304 - INFO - Elaborazione file: output_5min_24h_20250716_165200.csv (Schema 2)
2026-03-11 09:37:28,305 - INFO - Elaborazione file: output_5min_24h_20250717_042200.csv (Schema 2)
2026-03-11 09:37:28,306 - INFO - Elaborazione file: output_5min_24h_20250716_131200.csv (Schema 2)
2026-03-11 09:37:28,308 - INFO - Elaborazione file: output_5min_24h_20250716_091200.csv (Schema 2)
2026-03-11 09:37:28,309 - INFO - Elaborazione file: output_5min_24h_20250716_221700.csv (Schema 2)
2026-03-11 09:37:28,310 - INFO - Elaborazione file: output_5min_24h_20250717_000200.csv (Schema 2)
2026-03-11 09:37:28,311 - INFO - Elaborazione file: output_5min_24h_20250716_093200.csv (Schema 2)
2026-03-11 09:37:28,313 - INFO - Elaborazione file: output_5min_24h_20250716_093700.csv (Schema 2)
2026-03-11 09:37:28,314 - INFO - Elaborazione file: output_5min_24h_20250717_075700.csv (Schema 2)
2026-03-11 09:37:28,316 - INFO - Elaborazione file: output_5min_24h_20250716_223200.csv (Schema 2)
2026-03-11 09:37:28,318 - INFO - Elaborazione file: output_5min_24h_20250716_100700.csv (Schema 2)
2026-03-11 09:37:28,319 - INFO - Elaborazione file: output_5min_24h_20250717_001700.csv (Schema 2)
2026-03-11 09:37:28,320 - INFO - Elaborazione file: output_5min_24h_20250716_103700.csv (Schema 2)
2026-03-11 09:37:28,322 - INFO - Elaborazione file: output_5min_24h_20250717_025200.csv (Schema 2)
2026-03-11 09:37:28,323 - INFO - Elaborazione file: output_5min_24h_20250716_181200.csv (Schema 2)
2026-03-11 09:37:28,325 - INFO - Elaborazione file: output_5min_24h_20250716_115700.csv (Schema 2)
2026-03-11 09:37:28,326 - INFO - Elaborazione file: output_5min_24h_20250716_234200.csv (Schema 2)
2026-03-11 09:37:28,327 - INFO - Elaborazione file: output_5min_24h_20250717_073200.csv (Schema 2)
2026-03-11 09:37:28,328 - INFO - Elaborazione file: output_5min_24h_20250717_041700.csv (Schema 2)
2026-03-11 09:37:28,329 - INFO - Elaborazione file: output_5min_24h_20250717_012200.csv (Schema 2)
2026-03-11 09:37:28,330 - INFO - Elaborazione file: output_5min_24h_20250716_201700.csv (Schema 2)
2026-03-11 09:37:28,332 - INFO - Elaborazione file: output_5min_24h_20250716_210200.csv (Schema 2)
2026-03-11 09:37:28,334 - INFO - Elaborazione file: output_5min_24h_20250717_010200.csv (Schema 2)
2026-03-11 09:37:28,336 - INFO - Elaborazione file: output_5min_24h_20250717_034700.csv (Schema 2)
2026-03-11 09:37:28,337 - INFO - Elaborazione file: output_5min_24h_20250716_125700.csv (Schema 2)
2026-03-11 09:37:28,338 - INFO - Elaborazione file: output_5min_24h_20250716_162200.csv (Schema 2)
2026-03-11 09:37:28,339 - INFO - Elaborazione file: output_5min_24h_20250717_075200.csv (Schema 2)
2026-03-11 09:37:28,341 - INFO - Elaborazione file: output_5min_24h_20250716_151200.csv (Schema 2)
2026-03-11 09:37:28,342 - INFO - Elaborazione file: output_5min_24h_20250716_100200.csv (Schema 2)
2026-03-11 09:37:28,343 - INFO - Elaborazione file: output_5min_24h_20250717_030700.csv (Schema 2)
2026-03-11 09:37:28,345 - INFO - Elaborazione file: output_5min_24h_20250717_011200.csv (Schema 2)
2026-03-11 09:37:28,346 - INFO - Elaborazione file: output_5min_24h_20250716_084200.csv (Schema 2)
2026-03-11 09:37:28,347 - INFO - Elaborazione file: output_5min_24h_20250716_155700.csv (Schema 2)
2026-03-11 09:37:28,349 - INFO - Elaborazione file: output_5min_24h_20250716_233200.csv (Schema 2)
2026-03-11 09:37:28,350 - INFO - Elaborazione file: output_5min_24h_20250717_031700.csv (Schema 2)
2026-03-11 09:37:28,352 - INFO - Elaborazione file: output_5min_24h_20250716_115200.csv (Schema 2)
2026-03-11 09:37:28,355 - INFO - Elaborazione file: output_5min_24h_20250716_184700.csv (Schema 2)
2026-03-11 09:37:28,357 - INFO - Elaborazione file: output_5min_24h_20250716_230700.csv (Schema 2)
2026-03-11 09:37:28,360 - INFO - Elaborazione file: output_5min_24h_20250716_173700.csv (Schema 2)
2026-03-11 09:37:28,362 - INFO - Elaborazione file: output_5min_24h_20250717_021200.csv (Schema 2)
2026-03-11 09:37:28,364 - INFO - Elaborazione file: output_5min_24h_20250716_152200.csv (Schema 2)
2026-03-11 09:37:28,365 - INFO - Elaborazione file: output_5min_24h_20250717_013700.csv (Schema 2)
2026-03-11 09:37:28,367 - INFO - Elaborazione file: output_5min_24h_20250716_094200.csv (Schema 2)
2026-03-11 09:37:28,369 - INFO - Elaborazione file: output_5min_24h_20250716_133700.csv (Schema 2)
2026-03-11 09:37:28,370 - INFO - Elaborazione file: output_5min_24h_20250717_071200.csv (Schema 2)
2026-03-11 09:37:28,372 - INFO - Elaborazione file: output_5min_24h_20250717_063200.csv (Schema 2)
2026-03-11 09:37:28,373 - INFO - Elaborazione file: output_5min_24h_20250717_052200.csv (Schema 2)
2026-03-11 09:37:28,376 - INFO - Elaborazione file: output_5min_24h_20250716_224700.csv (Schema 2)
2026-03-11 09:37:28,377 - INFO - Elaborazione file: output_5min_24h_20250717_041200.csv (Schema 2)
2026-03-11 09:37:28,379 - INFO - Elaborazione file: output_5min_24h_20250716_085200.csv (Schema 2)
2026-03-11 09:37:28,380 - INFO - Elaborazione file: output_5min_24h_20250717_060700.csv (Schema 2)
2026-03-11 09:37:28,382 - INFO - Elaborazione file: output_5min_24h_20250716_220700.csv (Schema 2)
2026-03-11 09:37:28,384 - INFO - Elaborazione file: output_5min_24h_20250716_101200.csv (Schema 2)
2026-03-11 09:37:28,385 - INFO - Elaborazione file: output_5min_24h_20250716_104200.csv (Schema 2)
2026-03-11 09:37:28,386 - INFO - Elaborazione file: output_5min_24h_20250716_114200.csv (Schema 2)
2026-03-11 09:37:28,387 - INFO - Elaborazione file: output_5min_24h_20250716_150200.csv (Schema 2)
2026-03-11 09:37:28,390 - INFO - Elaborazione file: output_5min_24h_20250717_040700.csv (Schema 2)
2026-03-11 09:37:28,391 - INFO - Elaborazione file: output_5min_24h_20250716_134200.csv (Schema 2)
2026-03-11 09:37:28,393 - INFO - Elaborazione file: output_5min_24h_20250716_102200.csv (Schema 2)
2026-03-11 09:37:28,394 - INFO - Elaborazione file: output_5min_24h_20250716_164700.csv (Schema 2)
2026-03-11 09:37:28,395 - INFO - Elaborazione file: output_5min_24h_20250716_195700.csv (Schema 2)
2026-03-11 09:37:28,396 - INFO - Elaborazione file: output_5min_24h_20250716_173200.csv (Schema 2)
2026-03-11 09:37:28,397 - INFO - Elaborazione file: output_5min_24h_20250716_170700.csv (Schema 2)
2026-03-11 09:37:28,399 - INFO - Elaborazione file: output_5min_24h_20250716_212200.csv (Schema 2)
2026-03-11 09:37:28,401 - INFO - Elaborazione file: output_5min_24h_20250717_012700.csv (Schema 2)
2026-03-11 09:37:28,403 - INFO - Elaborazione file: output_5min_24h_20250717_004200.csv (Schema 2)
2026-03-11 09:37:28,404 - INFO - Elaborazione file: output_5min_24h_20250717_005700.csv (Schema 2)
2026-03-11 09:37:28,405 - INFO - Elaborazione file: output_5min_24h_20250717_022700.csv (Schema 2)
2026-03-11 09:37:28,406 - INFO - Elaborazione file: output_5min_24h_20250717_081700.csv (Schema 2)
2026-03-11 09:37:28,407 - INFO - Elaborazione file: output_5min_24h_20250716_210700.csv (Schema 2)
2026-03-11 09:37:28,408 - INFO - Elaborazione file: output_5min_24h_20250717_044200.csv (Schema 2)
2026-03-11 09:37:28,409 - INFO - Elaborazione file: output_5min_24h_20250716_192700.csv (Schema 2)
2026-03-11 09:37:28,411 - INFO - Elaborazione file: output_5min_24h_20250716_141200.csv (Schema 2)
2026-03-11 09:37:28,412 - INFO - Elaborazione file: output_5min_24h_20250716_122700.csv (Schema 2)
2026-03-11 09:37:28,413 - INFO - Elaborazione file: output_5min_24h_20250716_214200.csv (Schema 2)
2026-03-11 09:37:28,415 - INFO - Elaborazione file: output_5min_24h_20250717_081200.csv (Schema 2)
2026-03-11 09:37:28,416 - INFO - Elaborazione file: output_5min_24h_20250717_064700.csv (Schema 2)
2026-03-11 09:37:28,417 - INFO - Elaborazione file: output_5min_24h_20250716_213700.csv (Schema 2)
2026-03-11 09:37:28,418 - INFO - Elaborazione file: output_5min_24h_20250717_072700.csv (Schema 2)
2026-03-11 09:37:28,419 - INFO - Elaborazione file: output_5min_24h_20250717_014700.csv (Schema 2)
2026-03-11 09:37:28,421 - INFO - Elaborazione file: output_5min_24h_20250716_180200.csv (Schema 2)
2026-03-11 09:37:28,422 - INFO - Elaborazione file: output_5min_24h_20250716_162700.csv (Schema 2)
2026-03-11 09:37:28,424 - INFO - Elaborazione file: output_5min_24h_20250717_070200.csv (Schema 2)
2026-03-11 09:37:28,425 - INFO - Elaborazione file: output_5min_24h_20250716_110200.csv (Schema 2)
2026-03-11 09:37:28,426 - INFO - Elaborazione file: output_5min_24h_20250716_094700.csv (Schema 2)
2026-03-11 09:37:28,427 - INFO - Elaborazione file: output_5min_24h_20250716_225700.csv (Schema 2)
2026-03-11 09:37:28,428 - INFO - Elaborazione file: output_5min_24h_20250716_214700.csv (Schema 2)
2026-03-11 09:37:28,429 - INFO - Elaborazione file: output_5min_24h_20250717_064200.csv (Schema 2)
2026-03-11 09:37:28,430 - INFO - Elaborazione file: output_5min_24h_20250716_181700.csv (Schema 2)
2026-03-11 09:37:28,431 - INFO - Elaborazione file: output_5min_24h_20250717_062200.csv (Schema 2)
2026-03-11 09:37:28,432 - INFO - Elaborazione file: output_5min_24h_20250717_060200.csv (Schema 2)
2026-03-11 09:37:28,433 - INFO - Elaborazione file: output_5min_24h_20250716_144700.csv (Schema 2)
2026-03-11 09:37:28,434 - INFO - Elaborazione file: output_5min_24h_20250716_124200.csv (Schema 2)
2026-03-11 09:37:28,435 - INFO - Elaborazione file: output_5min_24h_20250716_192200.csv (Schema 2)
2026-03-11 09:37:28,436 - INFO - Elaborazione file: output_5min_24h_20250717_073700.csv (Schema 2)
2026-03-11 09:37:28,437 - INFO - Elaborazione file: output_5min_24h_20250716_123700.csv (Schema 2)
2026-03-11 09:37:28,438 - INFO - Elaborazione file: output_5min_24h_20250717_040200.csv (Schema 2)
2026-03-11 09:37:28,439 - INFO - Elaborazione file: output_5min_24h_20250716_200700.csv (Schema 2)
2026-03-11 09:37:28,440 - INFO - Elaborazione file: output_5min_24h_20250716_145200.csv (Schema 2)
2026-03-11 09:37:28,441 - INFO - Elaborazione file: output_5min_24h_20250716_232700.csv (Schema 2)
2026-03-11 09:37:28,442 - INFO - Elaborazione file: output_5min_24h_20250717_035700.csv (Schema 2)
2026-03-11 09:37:28,443 - INFO - Elaborazione file: output_5min_24h_20250716_172200.csv (Schema 2)
2026-03-11 09:37:28,444 - INFO - Elaborazione file: output_5min_24h_20250716_143200.csv (Schema 2)
2026-03-11 09:37:28,445 - INFO - Elaborazione file: output_5min_24h_20250716_194700.csv (Schema 2)
2026-03-11 09:37:28,446 - INFO - Elaborazione file: output_5min_24h_20250716_154700.csv (Schema 2)
2026-03-11 09:37:28,446 - INFO - Elaborazione file: output_5min_24h_20250717_014200.csv (Schema 2)
2026-03-11 09:37:28,448 - INFO - Elaborazione file: output_5min_24h_20250717_001200.csv (Schema 2)
2026-03-11 09:37:28,449 - INFO - Elaborazione file: output_5min_24h_20250717_082200.csv (Schema 2)
2026-03-11 09:37:28,450 - INFO - Elaborazione file: output_5min_24h_20250717_010700.csv (Schema 2)
2026-03-11 09:37:28,451 - INFO - Elaborazione file: output_5min_24h_20250716_085700.csv (Schema 2)
2026-03-11 09:37:28,452 - INFO - Elaborazione file: output_5min_24h_20250716_112200.csv (Schema 2)
2026-03-11 09:37:28,453 - INFO - Elaborazione file: output_5min_24h_20250716_130700.csv (Schema 2)
2026-03-11 09:37:28,454 - INFO - Elaborazione file: output_5min_24h_20250717_043700.csv (Schema 2)
2026-03-11 09:37:28,455 - INFO - Elaborazione file: output_5min_24h_20250716_195200.csv (Schema 2)
2026-03-11 09:37:28,456 - INFO - Elaborazione file: output_5min_24h_20250717_002200.csv (Schema 2)
2026-03-11 09:37:28,457 - INFO - Elaborazione file: output_5min_24h_20250716_233700.csv (Schema 2)
2026-03-11 09:37:28,458 - INFO - Elaborazione file: output_5min_24h_20250716_131700.csv (Schema 2)
2026-03-11 09:37:28,458 - INFO - Elaborazione file: output_5min_24h_20250716_134700.csv (Schema 2)
2026-03-11 09:37:28,459 - INFO - Elaborazione file: output_5min_24h_20250717_033200.csv (Schema 2)
2026-03-11 09:37:28,460 - INFO - Elaborazione file: output_5min_24h_20250717_015700.csv (Schema 2)
2026-03-11 09:37:28,461 - INFO - Elaborazione file: output_5min_24h_20250716_234700.csv (Schema 2)
2026-03-11 09:37:28,462 - INFO - Elaborazione file: output_5min_24h_20250717_025700.csv (Schema 2)
2026-03-11 09:37:28,463 - INFO - Elaborazione file: output_5min_24h_20250716_084700.csv (Schema 2)
2026-03-11 09:37:28,464 - INFO - Elaborazione file: output_5min_24h_20250716_112700.csv (Schema 2)
2026-03-11 09:37:28,465 - INFO - Elaborazione file: output_5min_24h_20250716_193200.csv (Schema 2)
2026-03-11 09:37:28,467 - INFO - Elaborazione file: output_5min_24h_20250717_032700.csv (Schema 2)
2026-03-11 09:37:28,468 - INFO - Elaborazione file: output_5min_24h_20250716_142200.csv (Schema 2)
2026-03-11 09:37:28,469 - INFO - Elaborazione file: output_5min_24h_20250716_114700.csv (Schema 2)
2026-03-11 09:37:28,470 - INFO - Elaborazione file: output_5min_24h_20250717_011700.csv (Schema 2)
2026-03-11 09:37:28,471 - INFO - Elaborazione file: output_5min_24h_20250716_160200.csv (Schema 2)
2026-03-11 09:37:28,472 - INFO - Elaborazione file: output_5min_24h_20250716_130200.csv (Schema 2)
2026-03-11 09:37:28,473 - INFO - Elaborazione file: output_5min_24h_20250716_174200.csv (Schema 2)
2026-03-11 09:37:28,474 - INFO - Elaborazione file: output_5min_24h_20250717_065200.csv (Schema 2)
2026-03-11 09:37:28,474 - INFO - Elaborazione file: output_5min_24h_20250717_020700.csv (Schema 2)
2026-03-11 09:37:28,475 - INFO - Elaborazione file: output_5min_24h_20250716_211700.csv (Schema 2)
2026-03-11 09:37:28,476 - INFO - Elaborazione file: output_5min_24h_20250716_090200.csv (Schema 2)
2026-03-11 09:37:28,477 - INFO - Elaborazione file: output_5min_24h_20250716_203200.csv (Schema 2)
2026-03-11 09:37:28,478 - INFO - Elaborazione file: output_5min_24h_20250717_043200.csv (Schema 2)
2026-03-11 09:37:28,479 - INFO - Elaborazione file: output_5min_24h_20250717_051200.csv (Schema 2)
2026-03-11 09:37:28,480 - INFO - Elaborazione file: output_5min_24h_20250716_143700.csv (Schema 2)
2026-03-11 09:37:28,482 - INFO - Elaborazione file: output_5min_24h_20250717_024700.csv (Schema 2)
2026-03-11 09:37:28,483 - INFO - Elaborazione file: output_5min_24h_20250716_204700.csv (Schema 2)
2026-03-11 09:37:28,484 - INFO - Elaborazione file: output_5min_24h_20250716_135700.csv (Schema 2)
2026-03-11 09:37:28,485 - INFO - Elaborazione file: output_5min_24h_20250716_113700.csv (Schema 2)
2026-03-11 09:37:28,486 - INFO - Elaborazione file: output_5min_24h_20250717_044700.csv (Schema 2)
2026-03-11 09:37:28,487 - INFO - Elaborazione file: output_5min_24h_20250717_003200.csv (Schema 2)
2026-03-11 09:37:28,488 - INFO - Elaborazione file: output_5min_24h_20250716_174700.csv (Schema 2)
2026-03-11 09:37:28,489 - INFO - Elaborazione file: output_5min_24h_20250717_034200.csv (Schema 2)
2026-03-11 09:37:28,490 - INFO - Elaborazione file: output_5min_24h_20250717_065700.csv (Schema 2)
2026-03-11 09:37:28,491 - INFO - Elaborazione file: output_5min_24h_20250717_080200.csv (Schema 2)
2026-03-11 09:37:28,491 - INFO - Elaborazione file: output_5min_24h_20250717_061200.csv (Schema 2)
2026-03-11 09:37:28,492 - INFO - Elaborazione file: output_5min_24h_20250717_045200.csv (Schema 2)
2026-03-11 09:37:28,493 - INFO - Elaborazione file: output_5min_24h_20250716_125200.csv (Schema 2)
2026-03-11 09:37:28,494 - INFO - Elaborazione file: output_5min_24h_20250716_185700.csv (Schema 2)
2026-03-11 09:37:28,495 - INFO - Elaborazione file: output_5min_24h_20250716_194200.csv (Schema 2)
2026-03-11 09:37:28,496 - INFO - Elaborazione file: output_5min_24h_20250716_201200.csv (Schema 2)
2026-03-11 09:37:28,498 - INFO - Elaborazione file: output_5min_24h_20250716_190200.csv (Schema 2)
2026-03-11 09:37:28,499 - INFO - Elaborazione file: output_5min_24h_20250716_083700.csv (Schema 2)
2026-03-11 09:37:28,500 - INFO - Elaborazione file: output_5min_24h_20250716_191200.csv (Schema 2)
2026-03-11 09:37:28,501 - INFO - Elaborazione file: output_5min_24h_20250716_102700.csv (Schema 2)
2026-03-11 09:37:28,502 - INFO - Elaborazione file: output_5min_24h_20250717_082700.csv (Schema 2)
2026-03-11 09:37:28,503 - INFO - Elaborazione file: output_5min_24h_20250716_202200.csv (Schema 2)
2026-03-11 09:37:28,504 - INFO - Elaborazione file: output_5min_24h_20250716_160700.csv (Schema 2)
2026-03-11 09:37:28,504 - INFO - Elaborazione file: output_5min_24h_20250716_153200.csv (Schema 2)
2026-03-11 09:37:28,505 - INFO - Elaborazione file: output_5min_24h_20250716_175200.csv (Schema 2)
2026-03-11 09:37:28,506 - INFO - Elaborazione file: output_5min_24h_20250717_023700.csv (Schema 2)
2026-03-11 09:37:28,507 - INFO - Elaborazione file: output_5min_24h_20250716_111700.csv (Schema 2)
2026-03-11 09:37:28,508 - INFO - Elaborazione file: output_5min_24h_20250716_163700.csv (Schema 2)
2026-03-11 09:37:28,509 - INFO - Elaborazione file: output_5min_24h_20250716_225200.csv (Schema 2)
2026-03-11 09:37:28,510 - INFO - Elaborazione file: output_5min_24h_20250716_083200.csv (Schema 2)
2026-03-11 09:37:28,511 - INFO - Elaborazione file: output_5min_24h_20250716_110700.csv (Schema 2)
2026-03-11 09:37:28,512 - INFO - Elaborazione file: output_5min_24h_20250716_101700.csv (Schema 2)
2026-03-11 09:37:28,513 - INFO - Elaborazione file: output_5min_24h_20250716_123200.csv (Schema 2)
2026-03-11 09:37:28,515 - INFO - Elaborazione file: output_5min_24h_20250717_022200.csv (Schema 2)
2026-03-11 09:37:28,516 - INFO - Elaborazione file: output_5min_24h_20250716_220200.csv (Schema 2)
2026-03-11 09:37:28,517 - INFO - Elaborazione file: output_5min_24h_20250716_171700.csv (Schema 2)
2026-03-11 09:37:28,518 - INFO - Elaborazione file: output_5min_24h_20250717_050200.csv (Schema 2)
2026-03-11 09:37:28,519 - INFO - Elaborazione file: output_5min_24h_20250716_135200.csv (Schema 2)
2026-03-11 09:37:28,520 - INFO - Elaborazione file: output_5min_24h_20250717_023200.csv (Schema 2)
2026-03-11 09:37:28,520 - INFO - Elaborazione file: output_5min_24h_20250717_003700.csv (Schema 2)
2026-03-11 09:37:28,521 - INFO - Elaborazione file: output_5min_24h_20250716_124700.csv (Schema 2)
2026-03-11 09:37:28,522 - INFO - Elaborazione file: output_5min_24h_20250716_113200.csv (Schema 2)
2026-03-11 09:37:28,523 - INFO - Elaborazione file: output_5min_24h_20250717_053700.csv (Schema 2)
2026-03-11 09:37:28,524 - INFO - Elaborazione file: output_5min_24h_20250717_004700.csv (Schema 2)
2026-03-11 09:37:28,525 - INFO - Elaborazione file: output_5min_24h_20250716_153700.csv (Schema 2)
2026-03-11 09:37:28,526 - INFO - Elaborazione file: output_5min_24h_20250716_145700.csv (Schema 2)
2026-03-11 09:37:28,527 - INFO - Elaborazione file: output_5min_24h_20250716_140200.csv (Schema 2)
2026-03-11 09:37:28,528 - INFO - Elaborazione file: output_5min_24h_20250716_140700.csv (Schema 2)
2026-03-11 09:37:28,529 - INFO - Elaborazione file: output_5min_24h_20250716_095700.csv (Schema 2)
2026-03-11 09:37:28,531 - INFO - Elaborazione file: output_5min_24h_20250716_212700.csv (Schema 2)
2026-03-11 09:37:28,532 - INFO - Elaborazione file: output_5min_24h_20250716_202700.csv (Schema 2)
2026-03-11 09:37:28,533 - INFO - Elaborazione file: output_5min_24h_20250716_144200.csv (Schema 2)
2026-03-11 09:37:28,534 - INFO - Elaborazione file: output_5min_24h_20250716_121200.csv (Schema 2)
2026-03-11 09:37:28,535 - INFO - Elaborazione file: output_5min_24h_20250716_142700.csv (Schema 2)
2026-03-11 09:37:28,536 - INFO - Elaborazione file: output_5min_24h_20250716_231200.csv (Schema 2)
2026-03-11 09:37:28,537 - INFO - Elaborazione file: output_5min_24h_20250716_213200.csv (Schema 2)
2026-03-11 09:37:28,538 - INFO - Elaborazione file: output_5min_24h_20250717_054200.csv (Schema 2)
2026-03-11 09:37:28,539 - INFO - Elaborazione file: output_5min_24h_20250716_232200.csv (Schema 2)
2026-03-11 09:37:28,539 - INFO - Elaborazione file: output_5min_24h_20250716_231700.csv (Schema 2)
2026-03-11 09:37:28,540 - INFO - Elaborazione file: output_5min_24h_20250716_203700.csv (Schema 2)
2026-03-11 09:37:28,541 - INFO - Elaborazione file: output_5min_24h_20250716_150700.csv (Schema 2)
2026-03-11 09:37:28,542 - INFO - Elaborazione file: output_5min_24h_20250716_204200.csv (Schema 2)
2026-03-11 09:37:28,543 - INFO - Elaborazione file: output_5min_24h_20250716_193700.csv (Schema 2)
2026-03-11 09:37:28,544 - INFO - Elaborazione file: output_5min_24h_20250716_111200.csv (Schema 2)
2026-03-11 09:37:28,546 - INFO - Elaborazione file: output_5min_24h_20250716_154200.csv (Schema 2)
2026-03-11 09:37:28,547 - INFO - Elaborazione file: output_5min_24h_20250717_050700.csv (Schema 2)
2026-03-11 09:37:28,548 - INFO - Elaborazione file: output_5min_24h_20250717_053200.csv (Schema 2)
2026-03-11 09:37:28,549 - INFO - Elaborazione file: output_5min_24h_20250716_104700.csv (Schema 2)
2026-03-11 09:37:28,550 - INFO - Elaborazione file: output_5min_24h_20250716_091700.csv (Schema 2)
2026-03-11 09:37:28,551 - INFO - Elaborazione file: output_5min_24h_20250716_222200.csv (Schema 2)
2026-03-11 09:37:28,552 - INFO - Elaborazione file: output_5min_24h_20250716_105200.csv (Schema 2)
2026-03-11 09:37:28,553 - INFO - Elaborazione file: output_5min_24h_20250717_080700.csv (Schema 2)
2026-03-11 09:37:28,554 - INFO - Elaborazione file: output_5min_24h_20250716_222700.csv (Schema 2)
2026-03-11 09:37:28,555 - INFO - Elaborazione file: output_5min_24h_20250716_221200.csv (Schema 2)
2026-03-11 09:37:28,556 - INFO - Elaborazione file: output_5min_24h_20250717_013200.csv (Schema 2)
2026-03-11 09:37:28,557 - INFO - Elaborazione file: output_5min_24h_20250716_155200.csv (Schema 2)
2026-03-11 09:37:28,557 - INFO - Elaborazione file: output_5min_24h_20250716_164200.csv (Schema 2)
2026-03-11 09:37:28,558 - INFO - Elaborazione file: output_5min_24h_20250716_230200.csv (Schema 2)
2026-03-11 09:37:28,559 - INFO - Elaborazione file: output_5min_24h_20250716_235700.csv (Schema 2)
2026-03-11 09:37:28,560 - INFO - Elaborazione file: output_5min_24h_20250716_152700.csv (Schema 2)
2026-03-11 09:37:28,561 - INFO - Elaborazione file: output_5min_24h_20250716_092700.csv (Schema 2)
2026-03-11 09:37:28,562 - INFO - Elaborazione file: output_5min_24h_20250717_071700.csv (Schema 2)
2026-03-11 09:37:28,564 - INFO - Elaborazione file: output_5min_24h_20250717_020200.csv (Schema 2)
2026-03-11 09:37:28,565 - INFO - Elaborazione file: output_5min_24h_20250717_031200.csv (Schema 2)
2026-03-11 09:37:28,566 - INFO - Elaborazione file: output_5min_24h_20250717_032200.csv (Schema 2)
2026-03-11 09:37:28,567 - INFO - Elaborazione file: output_5min_24h_20250716_132700.csv (Schema 2)
2026-03-11 09:37:28,568 - INFO - Elaborazione file: output_5min_24h_20250717_051700.csv (Schema 2)
2026-03-11 09:37:28,569 - INFO - Elaborazione file: output_5min_24h_20250716_180700.csv (Schema 2)
2026-03-11 09:37:28,570 - INFO - Elaborazione file: output_5min_24h_20250716_182200.csv (Schema 2)
2026-03-11 09:37:28,571 - INFO - Elaborazione file: output_5min_24h_20250716_133200.csv (Schema 2)
2026-03-11 09:37:28,571 - INFO - Elaborazione file: output_5min_24h_20250717_052700.csv (Schema 2)
2026-03-11 09:37:28,572 - INFO - Elaborazione file: output_5min_24h_20250716_224200.csv (Schema 2)
2026-03-11 09:37:28,573 - INFO - Elaborazione file: output_5min_24h_20250716_105700.csv (Schema 2)
2026-03-11 09:37:28,574 - INFO - Elaborazione file: output_5min_24h_20250716_183200.csv (Schema 2)
2026-03-11 09:37:28,575 - INFO - Elaborazione file: output_5min_24h_20250717_024200.csv (Schema 2)
2026-03-11 09:37:28,576 - INFO - Elaborazione file: output_5min_24h_20250716_092200.csv (Schema 2)
2026-03-11 09:37:28,578 - INFO - Elaborazione file: output_5min_24h_20250717_054700.csv (Schema 2)
2026-03-11 09:37:28,579 - INFO - Elaborazione file: output_5min_24h_20250716_235200.csv (Schema 2)
2026-03-11 09:37:28,581 - INFO - Elaborazione file: output_5min_24h_20250716_121700.csv (Schema 2)
2026-03-11 09:37:28,583 - INFO - Elaborazione file: output_5min_24h_20250716_103200.csv (Schema 2)
2026-03-11 09:37:28,587 - INFO - Elaborazione file: output_5min_24h_20250716_223700.csv (Schema 2)
2026-03-11 09:37:28,588 - INFO - Elaborazione file: output_5min_24h_20250716_090700.csv (Schema 2)
2026-03-11 09:37:28,589 - INFO - Elaborazione file: output_5min_24h_20250717_042700.csv (Schema 2)
2026-03-11 09:37:28,590 - INFO - Elaborazione file: output_5min_24h_20250717_055700.csv (Schema 2)
2026-03-11 09:37:28,591 - INFO - Elaborazione file: output_5min_24h_20250716_190700.csv (Schema 2)
2026-03-11 09:37:28,592 - INFO - Elaborazione file: output_5min_24h_20250716_170200.csv (Schema 2)
2026-03-11 09:37:28,594 - INFO - Pipeline completata con successo.
2026-03-11 09:55:30,311 - INFO - --- AVVIO ETL INTEGRATO: BRINDISI TRAFFIC PROJECT ---
2026-03-11 09:55:31,110 - INFO - Fase Extraction: catalogati 548 file.
2026-03-11 09:55:32,352 - INFO - Progresso: 50/548 file caricati...
2026-03-11 09:55:33,485 - INFO - Progresso: 100/548 file caricati...
2026-03-11 09:55:34,307 - INFO - Progresso: 150/548 file caricati...
2026-03-11 09:55:35,126 - INFO - Progresso: 200/548 file caricati...
2026-03-11 09:55:36,058 - INFO - Progresso: 250/548 file caricati...
2026-03-11 09:55:36,992 - INFO - Progresso: 300/548 file caricati...
2026-03-11 09:55:37,861 - INFO - Progresso: 350/548 file caricati...
2026-03-11 09:55:38,765 - INFO - Progresso: 400/548 file caricati...
2026-03-11 09:55:39,629 - INFO - Progresso: 450/548 file caricati...
2026-03-11 09:55:40,496 - INFO - Progresso: 500/548 file caricati...
2026-03-11 09:55:41,326 - INFO - --- ETL COMPLETATO: 548 file inseriti con successo ---
